This is pdfTeX, Version 3.14159265-2.6-1.40.21 (TeX Live 2020/Debian) (preloaded format=pdfetex 2023.5.20)  4 JUL 2023 22:32
entering extended mode
 restricted \write18 enabled.
 %&-line parsing enabled.
**1.1-ACID.md 1.2-Instalar-y-configurar.md 1.3-Comandos-b√°sicos.md 1.4-Archivo
s-de-configuraci√≥n.md 1.5-Crear-tablas.md 1.6-Particiones.md 1.7-Roles.md 1.8-
Llaves-for√°neas.md 1.9-Inserci√≥n-masiva-de-datos.md 1.10-Funciones-especiales
-principales.md 1.11-Funciones-avanzadas.md 1.12-Vistas.md 1.13-Procedimientos-
almacenados.md 1.14-Triggers-o-disparadores.md 1.15-Base-de-datos-remota.md 1.1
6-Transacciones.md 1.17-Otras-extensiones.md 1.18-Respaldo.md 1.19-Mantenimient
o.md 1.20-Replicas.md 1.21-Otras-buenas-pr√°cticas.md 1.22-Comandos-Linux.md 1.
23-Criptograf√≠a.md 1.24-Contraints-o-restricciones.md -o postgres.pdf
(./1.1-ACID.md
! You can't use `macro parameter character #' in vertical mode.
l.1 #
     # 1.1 ACID
? 
! You can't use `macro parameter character #' in vertical mode.
l.1 ##
       1.1 ACID
? 
)
Missing character: There is no √ in font cmr10!
Missing character: There is no ° in font cmr10!
Missing character: There is no √ in font cmr10!
Missing character: There is no ≥ in font cmr10!
Missing character: There is no √ in font cmr10!
Missing character: There is no ° in font cmr10!
Missing character: There is no √ in font cmr10!
Missing character: There is no ≥ in font cmr10!
Missing character: There is no √ in font cmr10!
Missing character: There is no ° in font cmr10!
Missing character: There is no √ in font cmr10!
Missing character: There is no ≠ in font cmr10!

*

Overfull \hbox (13.5515pt too wide) detected at line 0
[]\tenrm 1.2-Instalar-y-configurar.md 1.3-Comandos-bsicos.md 1.4-Archivos-de-co
nfiguracin.md 1.5-Crear-tablas.md|

\hbox(6.94444+1.94444)x469.75499, glue set - 1.0
.\hbox(0.0+0.0)x20.0
.\tenrm 1
.\tenrm .
.\tenrm 2
.\tenrm -
.etc.


Overfull \hbox (23.66255pt too wide) detected at line 0
\tenrm 1.6-Particiones.md 1.7-Roles.md 1.8-Llaves-forneas.md 1.9-Insercin-masiv
a-de-datos.md 1.10-Funciones-especiales-|

\hbox(6.94444+1.94444)x469.75499, glue set - 1.0
.\tenrm 1
.\tenrm .
.\tenrm 6
.\tenrm -
.\discretionary
.etc.


Overfull \hbox (18.30154pt too wide) detected at line 0
\tenrm principales.md 1.11-Funciones-avanzadas.md 1.12-Vistas.md 1.13-Procedimi
entos-almacenados.md 1.14-Triggers-|

\hbox(6.94444+1.94444)x469.75499, glue set - 1.0
.\tenrm p
.\tenrm r
.\tenrm i
.\tenrm n
.\tenrm c
.etc.


Overfull \hbox (41.496pt too wide) detected at line 0
\tenrm o-disparadores.md 1.15-Base-de-datos-remota.md 1.16-Transacciones.md 1.1
7-Otras-extensiones.md 1.18-Respaldo.md|

\hbox(6.94444+1.94444)x469.75499, glue set - 1.0
.\tenrm o
.\tenrm -
.\discretionary
.\tenrm d
.\tenrm i
.etc.


Overfull \hbox (49.8017pt too wide) detected at line 0
\tenrm 1.19-Mantenimiento.md 1.20-Replicas.md 1.21-Otras-buenas-prcticas.md 1.2
2-Comandos-Linux.md 1.23-Criptografa.md|

\hbox(6.94444+1.94444)x469.75499, glue set - 1.0
.\tenrm 1
.\tenrm .
.\tenrm 1
.\tenrm 9
.\tenrm -
.etc.

(Please type a command or say `\end')
*
(Please type a command or say `\end')
*
(Please type a command or say `\end')
*
(Please type a command or say `\end')
*
(Please type a command or say `\end')
*
(Please type a command or say `\end')
*
(Please type a command or say `\end')
*
(Please type a command or say `\end')
*
(Please type a command or say `\end')
*
(Please type a command or say `\end')
*\end
[1{/var/lib/texmf/fonts/map/pdftex/updmap/pdftex.map}]</usr/share/texlive/texmf
-dist/fonts/type1/public/amsfonts/cm/cmr10.pfb>
Output written on 1.1-ACID.pdf (1 page, 20963 bytes).
PDF statistics:
 12 PDF objects out of 1000 (max. 8388607)
 7 compressed objects within 1 object stream
 0 named destinations out of 1000 (max. 500000)
 1 words of extra memory for PDF output out of 10000 (max. 10000000)

